[8.081s] DEBUG:colcon:Command line arguments: ['/usr/bin/colcon', 'build']
[8.081s] DEBUG:colcon:Parsed command line arguments: Namespace(log_base=None, log_level=None, verb_name='build', build_base='build', install_base='install', merge_install=False, symlink_install=False, test_result_base=None, continue_on_error=False, executor='parallel', parallel_workers=4, event_handlers=None, ignore_user_meta=False, metas=['./colcon.meta'], base_paths=['.'], packages_ignore=None, packages_ignore_regex=None, paths=None, packages_up_to=None, packages_up_to_regex=None, packages_above=None, packages_above_and_dependencies=None, packages_above_depth=None, packages_select_by_dep=None, packages_skip_by_dep=None, packages_skip_up_to=None, packages_select_build_failed=False, packages_skip_build_finished=False, packages_select_test_failures=False, packages_skip_test_passed=False, packages_select=None, packages_skip=None, packages_select_regex=None, packages_skip_regex=None, packages_start=None, packages_end=None, allow_overriding=[], cmake_args=None, cmake_target=None, cmake_target_skip_unavailable=False, cmake_clean_cache=False, cmake_clean_first=False, cmake_force_configure=False, ament_cmake_args=None, catkin_cmake_args=None, catkin_skip_building_tests=False, verb_parser=<colcon_defaults.argument_parser.defaults.DefaultArgumentsDecorator object at 0x7f9ee74b8220>, verb_extension=<colcon_core.verb.build.BuildVerb object at 0x7f9ee74fde70>, main=<bound method BuildVerb.main of <colcon_core.verb.build.BuildVerb object at 0x7f9ee74fde70>>)
[8.482s] Level 1:colcon.colcon_core.package_discovery:discover_packages(colcon_meta) check parameters
[8.482s] Level 1:colcon.colcon_core.package_discovery:discover_packages(recursive) check parameters
[8.482s] Level 1:colcon.colcon_core.package_discovery:discover_packages(ignore) check parameters
[8.482s] Level 1:colcon.colcon_core.package_discovery:discover_packages(path) check parameters
[8.482s] Level 1:colcon.colcon_core.package_discovery:discover_packages(colcon_meta) discover
[8.482s] Level 1:colcon.colcon_core.package_discovery:discover_packages(recursive) discover
[8.482s] INFO:colcon.colcon_core.package_discovery:Crawling recursively for packages in '/home/hjokar/urdf_gazebo_ws'
[8.483s] Level 1:colcon.colcon_core.package_identification:_identify(.) by extensions ['ignore', 'ignore_ament_install']
[8.483s] Level 1:colcon.colcon_core.package_identification:_identify(.) by extension 'ignore'
[8.483s] Level 1:colcon.colcon_core.package_identification:_identify(.) by extension 'ignore_ament_install'
[8.483s] Level 1:colcon.colcon_core.package_identification:_identify(.) by extensions ['colcon_pkg']
[8.483s] Level 1:colcon.colcon_core.package_identification:_identify(.) by extension 'colcon_pkg'
[8.483s] Level 1:colcon.colcon_core.package_identification:_identify(.) by extensions ['colcon_meta']
[8.483s] Level 1:colcon.colcon_core.package_identification:_identify(.) by extension 'colcon_meta'
[8.484s] Level 1:colcon.colcon_core.package_identification:_identify(.) by extensions ['ros']
[8.484s] Level 1:colcon.colcon_core.package_identification:_identify(.) by extension 'ros'
[8.538s] Level 1:colcon.colcon_core.package_identification:_identify(.) by extensions ['cmake', 'python']
[8.538s] Level 1:colcon.colcon_core.package_identification:_identify(.) by extension 'cmake'
[8.539s] Level 1:colcon.colcon_core.package_identification:_identify(.) by extension 'python'
[8.539s] Level 1:colcon.colcon_core.package_identification:_identify(.) by extensions ['python_setup_py']
[8.539s] Level 1:colcon.colcon_core.package_identification:_identify(.) by extension 'python_setup_py'
[8.550s] Level 1:colcon.colcon_core.package_identification:_identify(build) by extensions ['ignore', 'ignore_ament_install']
[8.550s] Level 1:colcon.colcon_core.package_identification:_identify(build) by extension 'ignore'
[8.551s] Level 1:colcon.colcon_core.package_identification:_identify(build) ignored
[8.551s] Level 1:colcon.colcon_core.package_identification:_identify(install) by extensions ['ignore', 'ignore_ament_install']
[8.551s] Level 1:colcon.colcon_core.package_identification:_identify(install) by extension 'ignore'
[8.551s] Level 1:colcon.colcon_core.package_identification:_identify(install) ignored
[8.552s] Level 1:colcon.colcon_core.package_identification:_identify(log) by extensions ['ignore', 'ignore_ament_install']
[8.552s] Level 1:colcon.colcon_core.package_identification:_identify(log) by extension 'ignore'
[8.552s] Level 1:colcon.colcon_core.package_identification:_identify(log) ignored
[8.559s] Level 1:colcon.colcon_core.package_identification:_identify(src) by extensions ['ignore', 'ignore_ament_install']
[8.560s] Level 1:colcon.colcon_core.package_identification:_identify(src) by extension 'ignore'
[8.560s] Level 1:colcon.colcon_core.package_identification:_identify(src) by extension 'ignore_ament_install'
[8.560s] Level 1:colcon.colcon_core.package_identification:_identify(src) by extensions ['colcon_pkg']
[8.560s] Level 1:colcon.colcon_core.package_identification:_identify(src) by extension 'colcon_pkg'
[8.560s] Level 1:colcon.colcon_core.package_identification:_identify(src) by extensions ['colcon_meta']
[8.560s] Level 1:colcon.colcon_core.package_identification:_identify(src) by extension 'colcon_meta'
[8.561s] Level 1:colcon.colcon_core.package_identification:_identify(src) by extensions ['ros']
[8.561s] Level 1:colcon.colcon_core.package_identification:_identify(src) by extension 'ros'
[8.561s] Level 1:colcon.colcon_core.package_identification:_identify(src) by extensions ['cmake', 'python']
[8.561s] Level 1:colcon.colcon_core.package_identification:_identify(src) by extension 'cmake'
[8.561s] Level 1:colcon.colcon_core.package_identification:_identify(src) by extension 'python'
[8.561s] Level 1:colcon.colcon_core.package_identification:_identify(src) by extensions ['python_setup_py']
[8.561s] Level 1:colcon.colcon_core.package_identification:_identify(src) by extension 'python_setup_py'
[8.562s] Level 1:colcon.colcon_core.package_identification:_identify(src/urdf_example) by extensions ['ignore', 'ignore_ament_install']
[8.562s] Level 1:colcon.colcon_core.package_identification:_identify(src/urdf_example) by extension 'ignore'
[8.562s] Level 1:colcon.colcon_core.package_identification:_identify(src/urdf_example) by extension 'ignore_ament_install'
[8.562s] Level 1:colcon.colcon_core.package_identification:_identify(src/urdf_example) by extensions ['colcon_pkg']
[8.563s] Level 1:colcon.colcon_core.package_identification:_identify(src/urdf_example) by extension 'colcon_pkg'
[8.563s] Level 1:colcon.colcon_core.package_identification:_identify(src/urdf_example) by extensions ['colcon_meta']
[8.563s] Level 1:colcon.colcon_core.package_identification:_identify(src/urdf_example) by extension 'colcon_meta'
[8.563s] Level 1:colcon.colcon_core.package_identification:_identify(src/urdf_example) by extensions ['ros']
[8.563s] Level 1:colcon.colcon_core.package_identification:_identify(src/urdf_example) by extension 'ros'
[8.577s] DEBUG:colcon.colcon_core.package_identification:Package 'src/urdf_example' with type 'ros.ament_cmake' and name 'urdf_example'
[8.577s] Level 1:colcon.colcon_core.package_discovery:discover_packages(recursive) using defaults
[8.577s] Level 1:colcon.colcon_core.package_discovery:discover_packages(ignore) discover
[8.577s] Level 1:colcon.colcon_core.package_discovery:discover_packages(ignore) using defaults
[8.577s] Level 1:colcon.colcon_core.package_discovery:discover_packages(path) discover
[8.577s] Level 1:colcon.colcon_core.package_discovery:discover_packages(path) using defaults
[8.968s] Level 1:colcon.colcon_core.package_discovery:discover_packages(prefix_path) check parameters
[8.968s] Level 1:colcon.colcon_core.package_discovery:discover_packages(prefix_path) discover
[9.160s] DEBUG:colcon.colcon_installed_package_information.package_discovery:Found 1 installed packages in /home/hjokar/ros2_ws/install
[9.198s] DEBUG:colcon.colcon_installed_package_information.package_discovery:Found 2 installed packages in /home/hjokar/second_ros2_ws/install
[9.226s] DEBUG:colcon.colcon_installed_package_information.package_discovery:Found 1 installed packages in /home/hjokar/Desktop/dev_ws/install
[9.250s] DEBUG:colcon.colcon_installed_package_information.package_discovery:Found 3 installed packages in /home/hjokar/Desktop/ur5_ws/install
[9.272s] DEBUG:colcon.colcon_installed_package_information.package_discovery:Found 1 installed packages in /home/hjokar/spawn_urdf_gz_ws/install
[9.295s] DEBUG:colcon.colcon_installed_package_information.package_discovery:Found 1 installed packages in /home/hjokar/articubot_ws/install
[9.317s] DEBUG:colcon.colcon_installed_package_information.package_discovery:Found 1 installed packages in /home/hjokar/urdf_gazebo_ws/install
[9.340s] DEBUG:colcon.colcon_installed_package_information.package_discovery:Found 3 installed packages in /home/hjokar/Desktop/robot_ws/install
[9.364s] DEBUG:colcon.colcon_installed_package_information.package_discovery:Found 307 installed packages in /opt/ros/humble
[9.367s] Level 1:colcon.colcon_core.package_discovery:discover_packages(prefix_path) using defaults
[9.623s] Level 5:colcon.colcon_core.verb:set package 'urdf_example' build argument 'cmake_args' from command line to 'None'
[9.623s] Level 5:colcon.colcon_core.verb:set package 'urdf_example' build argument 'cmake_target' from command line to 'None'
[9.623s] Level 5:colcon.colcon_core.verb:set package 'urdf_example' build argument 'cmake_target_skip_unavailable' from command line to 'False'
[9.623s] Level 5:colcon.colcon_core.verb:set package 'urdf_example' build argument 'cmake_clean_cache' from command line to 'False'
[9.623s] Level 5:colcon.colcon_core.verb:set package 'urdf_example' build argument 'cmake_clean_first' from command line to 'False'
[9.624s] Level 5:colcon.colcon_core.verb:set package 'urdf_example' build argument 'cmake_force_configure' from command line to 'False'
[9.624s] Level 5:colcon.colcon_core.verb:set package 'urdf_example' build argument 'ament_cmake_args' from command line to 'None'
[9.624s] Level 5:colcon.colcon_core.verb:set package 'urdf_example' build argument 'catkin_cmake_args' from command line to 'None'
[9.624s] Level 5:colcon.colcon_core.verb:set package 'urdf_example' build argument 'catkin_skip_building_tests' from command line to 'False'
[9.624s] DEBUG:colcon.colcon_core.verb:Building package 'urdf_example' with the following arguments: {'ament_cmake_args': None, 'build_base': '/home/hjokar/urdf_gazebo_ws/build/urdf_example', 'catkin_cmake_args': None, 'catkin_skip_building_tests': False, 'cmake_args': None, 'cmake_clean_cache': False, 'cmake_clean_first': False, 'cmake_force_configure': False, 'cmake_target': None, 'cmake_target_skip_unavailable': False, 'install_base': '/home/hjokar/urdf_gazebo_ws/install/urdf_example', 'merge_install': False, 'path': '/home/hjokar/urdf_gazebo_ws/src/urdf_example', 'symlink_install': False, 'test_result_base': None}
[9.646s] INFO:colcon.colcon_core.executor:Executing jobs using 'parallel' executor
[9.670s] DEBUG:colcon.colcon_parallel_executor.executor.parallel:run_until_complete
[9.670s] INFO:colcon.colcon_ros.task.ament_cmake.build:Building ROS package in '/home/hjokar/urdf_gazebo_ws/src/urdf_example' with build type 'ament_cmake'
[9.670s] INFO:colcon.colcon_cmake.task.cmake.build:Building CMake package in '/home/hjokar/urdf_gazebo_ws/src/urdf_example'
[9.713s] INFO:colcon.colcon_core.plugin_system:Skipping extension 'colcon_core.shell.bat': Not used on non-Windows systems
[9.713s] INFO:colcon.colcon_core.shell:Skip shell extension 'powershell' for command environment: Not usable outside of PowerShell
[9.713s] DEBUG:colcon.colcon_core.shell:Skip shell extension 'dsv' for command environment
[10.030s] DEBUG:colcon.colcon_core.event_handler.log_command:Invoking command in '/home/hjokar/urdf_gazebo_ws/build/urdf_example': CMAKE_PREFIX_PATH=${CMAKE_PREFIX_PATH}:/home/hjokar/Desktop/robot_ws/install/main_package:/home/hjokar/Desktop/ur5_ws/install/ur5_package:/home/hjokar/second_ros2_ws/install/urdf_tutorial_r2d2:/opt/ros/humble DEBUGINFOD_URLS=https://debuginfod.ubuntu.com /usr/bin/cmake --build /home/hjokar/urdf_gazebo_ws/build/urdf_example -- -j4 -l4
[10.763s] DEBUG:colcon.colcon_core.event_handler.log_command:Invoked command in '/home/hjokar/urdf_gazebo_ws/build/urdf_example' returned '0': CMAKE_PREFIX_PATH=${CMAKE_PREFIX_PATH}:/home/hjokar/Desktop/robot_ws/install/main_package:/home/hjokar/Desktop/ur5_ws/install/ur5_package:/home/hjokar/second_ros2_ws/install/urdf_tutorial_r2d2:/opt/ros/humble DEBUGINFOD_URLS=https://debuginfod.ubuntu.com /usr/bin/cmake --build /home/hjokar/urdf_gazebo_ws/build/urdf_example -- -j4 -l4
[10.807s] DEBUG:colcon.colcon_core.event_handler.log_command:Invoking command in '/home/hjokar/urdf_gazebo_ws/build/urdf_example': CMAKE_PREFIX_PATH=${CMAKE_PREFIX_PATH}:/home/hjokar/Desktop/robot_ws/install/main_package:/home/hjokar/Desktop/ur5_ws/install/ur5_package:/home/hjokar/second_ros2_ws/install/urdf_tutorial_r2d2:/opt/ros/humble DEBUGINFOD_URLS=https://debuginfod.ubuntu.com /usr/bin/cmake --install /home/hjokar/urdf_gazebo_ws/build/urdf_example
[11.045s] Level 1:colcon.colcon_core.environment:create_environment_scripts_only(urdf_example)
[11.046s] DEBUG:colcon.colcon_core.event_handler.log_command:Invoked command in '/home/hjokar/urdf_gazebo_ws/build/urdf_example' returned '0': CMAKE_PREFIX_PATH=${CMAKE_PREFIX_PATH}:/home/hjokar/Desktop/robot_ws/install/main_package:/home/hjokar/Desktop/ur5_ws/install/ur5_package:/home/hjokar/second_ros2_ws/install/urdf_tutorial_r2d2:/opt/ros/humble DEBUGINFOD_URLS=https://debuginfod.ubuntu.com /usr/bin/cmake --install /home/hjokar/urdf_gazebo_ws/build/urdf_example
[11.175s] Level 1:colcon.colcon_core.environment:checking '/home/hjokar/urdf_gazebo_ws/install/urdf_example' for CMake module files
[11.193s] Level 1:colcon.colcon_core.environment:checking '/home/hjokar/urdf_gazebo_ws/install/urdf_example' for CMake config files
[11.194s] Level 1:colcon.colcon_core.shell:create_environment_hook('urdf_example', 'cmake_prefix_path')
[11.249s] INFO:colcon.colcon_core.shell:Creating environment hook '/home/hjokar/urdf_gazebo_ws/install/urdf_example/share/urdf_example/hook/cmake_prefix_path.ps1'
[11.260s] INFO:colcon.colcon_core.shell:Creating environment descriptor '/home/hjokar/urdf_gazebo_ws/install/urdf_example/share/urdf_example/hook/cmake_prefix_path.dsv'
[11.275s] INFO:colcon.colcon_core.shell:Creating environment hook '/home/hjokar/urdf_gazebo_ws/install/urdf_example/share/urdf_example/hook/cmake_prefix_path.sh'
[11.277s] Level 1:colcon.colcon_core.environment:checking '/home/hjokar/urdf_gazebo_ws/install/urdf_example/bin'
[11.278s] Level 1:colcon.colcon_core.environment:checking '/home/hjokar/urdf_gazebo_ws/install/urdf_example/lib/pkgconfig/urdf_example.pc'
[11.278s] Level 1:colcon.colcon_core.environment:checking '/home/hjokar/urdf_gazebo_ws/install/urdf_example/lib/python3.10/site-packages'
[11.278s] Level 1:colcon.colcon_core.environment:checking '/home/hjokar/urdf_gazebo_ws/install/urdf_example/bin'
[11.315s] INFO:colcon.colcon_core.shell:Creating package script '/home/hjokar/urdf_gazebo_ws/install/urdf_example/share/urdf_example/package.ps1'
[11.317s] INFO:colcon.colcon_core.shell:Creating package descriptor '/home/hjokar/urdf_gazebo_ws/install/urdf_example/share/urdf_example/package.dsv'
[11.319s] INFO:colcon.colcon_core.shell:Creating package script '/home/hjokar/urdf_gazebo_ws/install/urdf_example/share/urdf_example/package.sh'
[11.322s] INFO:colcon.colcon_core.shell:Creating package script '/home/hjokar/urdf_gazebo_ws/install/urdf_example/share/urdf_example/package.bash'
[11.323s] INFO:colcon.colcon_core.shell:Creating package script '/home/hjokar/urdf_gazebo_ws/install/urdf_example/share/urdf_example/package.zsh'
[11.325s] Level 1:colcon.colcon_core.environment:create_file_with_runtime_dependencies(/home/hjokar/urdf_gazebo_ws/install/urdf_example/share/colcon-core/packages/urdf_example)
[11.398s] Level 1:colcon.colcon_core.environment:create_environment_scripts_only(urdf_example)
[11.429s] Level 1:colcon.colcon_core.environment:checking '/home/hjokar/urdf_gazebo_ws/install/urdf_example' for CMake module files
[11.430s] Level 1:colcon.colcon_core.environment:checking '/home/hjokar/urdf_gazebo_ws/install/urdf_example' for CMake config files
[11.430s] Level 1:colcon.colcon_core.shell:create_environment_hook('urdf_example', 'cmake_prefix_path')
[11.455s] INFO:colcon.colcon_core.shell:Creating environment hook '/home/hjokar/urdf_gazebo_ws/install/urdf_example/share/urdf_example/hook/cmake_prefix_path.ps1'
[11.456s] INFO:colcon.colcon_core.shell:Creating environment descriptor '/home/hjokar/urdf_gazebo_ws/install/urdf_example/share/urdf_example/hook/cmake_prefix_path.dsv'
[11.456s] INFO:colcon.colcon_core.shell:Creating environment hook '/home/hjokar/urdf_gazebo_ws/install/urdf_example/share/urdf_example/hook/cmake_prefix_path.sh'
[11.457s] Level 1:colcon.colcon_core.environment:checking '/home/hjokar/urdf_gazebo_ws/install/urdf_example/bin'
[11.457s] Level 1:colcon.colcon_core.environment:checking '/home/hjokar/urdf_gazebo_ws/install/urdf_example/lib/pkgconfig/urdf_example.pc'
[11.458s] Level 1:colcon.colcon_core.environment:checking '/home/hjokar/urdf_gazebo_ws/install/urdf_example/lib/python3.10/site-packages'
[11.458s] Level 1:colcon.colcon_core.environment:checking '/home/hjokar/urdf_gazebo_ws/install/urdf_example/bin'
[11.481s] INFO:colcon.colcon_core.shell:Creating package script '/home/hjokar/urdf_gazebo_ws/install/urdf_example/share/urdf_example/package.ps1'
[11.481s] INFO:colcon.colcon_core.shell:Creating package descriptor '/home/hjokar/urdf_gazebo_ws/install/urdf_example/share/urdf_example/package.dsv'
[11.482s] INFO:colcon.colcon_core.shell:Creating package script '/home/hjokar/urdf_gazebo_ws/install/urdf_example/share/urdf_example/package.sh'
[11.483s] INFO:colcon.colcon_core.shell:Creating package script '/home/hjokar/urdf_gazebo_ws/install/urdf_example/share/urdf_example/package.bash'
[11.483s] INFO:colcon.colcon_core.shell:Creating package script '/home/hjokar/urdf_gazebo_ws/install/urdf_example/share/urdf_example/package.zsh'
[11.484s] Level 1:colcon.colcon_core.environment:create_file_with_runtime_dependencies(/home/hjokar/urdf_gazebo_ws/install/urdf_example/share/colcon-core/packages/urdf_example)
[11.484s] DEBUG:colcon.colcon_parallel_executor.executor.parallel:closing loop
[11.485s] DEBUG:colcon.colcon_parallel_executor.executor.parallel:loop closed
[11.485s] DEBUG:colcon.colcon_parallel_executor.executor.parallel:run_until_complete finished with '0'
[11.486s] DEBUG:colcon.colcon_core.event_reactor:joining thread
[11.549s] INFO:colcon.colcon_core.plugin_system:Skipping extension 'colcon_notification.desktop_notification.terminal_notifier': Not used on non-Darwin systems
[11.549s] INFO:colcon.colcon_core.plugin_system:Skipping extension 'colcon_notification.desktop_notification.win32': Not used on non-Windows systems
[11.549s] INFO:colcon.colcon_notification.desktop_notification:Sending desktop notification using 'notify2'
[11.582s] DEBUG:colcon.colcon_core.event_reactor:joined thread
[11.608s] INFO:colcon.colcon_core.shell:Creating prefix script '/home/hjokar/urdf_gazebo_ws/install/local_setup.ps1'
[11.609s] INFO:colcon.colcon_core.shell:Creating prefix util module '/home/hjokar/urdf_gazebo_ws/install/_local_setup_util_ps1.py'
[11.611s] INFO:colcon.colcon_core.shell:Creating prefix chain script '/home/hjokar/urdf_gazebo_ws/install/setup.ps1'
[11.637s] INFO:colcon.colcon_core.shell:Creating prefix script '/home/hjokar/urdf_gazebo_ws/install/local_setup.sh'
[11.638s] INFO:colcon.colcon_core.shell:Creating prefix util module '/home/hjokar/urdf_gazebo_ws/install/_local_setup_util_sh.py'
[11.639s] INFO:colcon.colcon_core.shell:Creating prefix chain script '/home/hjokar/urdf_gazebo_ws/install/setup.sh'
[11.665s] INFO:colcon.colcon_core.shell:Creating prefix script '/home/hjokar/urdf_gazebo_ws/install/local_setup.bash'
[11.666s] INFO:colcon.colcon_core.shell:Creating prefix chain script '/home/hjokar/urdf_gazebo_ws/install/setup.bash'
[11.692s] INFO:colcon.colcon_core.shell:Creating prefix script '/home/hjokar/urdf_gazebo_ws/install/local_setup.zsh'
[11.705s] INFO:colcon.colcon_core.shell:Creating prefix chain script '/home/hjokar/urdf_gazebo_ws/install/setup.zsh'
