[3.413s] DEBUG:colcon:Command line arguments: ['/usr/bin/colcon', 'build']
[3.413s] DEBUG:colcon:Parsed command line arguments: Namespace(log_base=None, log_level=None, verb_name='build', build_base='build', install_base='install', merge_install=False, symlink_install=False, test_result_base=None, continue_on_error=False, executor='parallel', parallel_workers=4, event_handlers=None, ignore_user_meta=False, metas=['./colcon.meta'], base_paths=['.'], packages_ignore=None, packages_ignore_regex=None, paths=None, packages_up_to=None, packages_up_to_regex=None, packages_above=None, packages_above_and_dependencies=None, packages_above_depth=None, packages_select_by_dep=None, packages_skip_by_dep=None, packages_skip_up_to=None, packages_select_build_failed=False, packages_skip_build_finished=False, packages_select_test_failures=False, packages_skip_test_passed=False, packages_select=None, packages_skip=None, packages_select_regex=None, packages_skip_regex=None, packages_start=None, packages_end=None, allow_overriding=[], cmake_args=None, cmake_target=None, cmake_target_skip_unavailable=False, cmake_clean_cache=False, cmake_clean_first=False, cmake_force_configure=False, ament_cmake_args=None, catkin_cmake_args=None, catkin_skip_building_tests=False, verb_parser=<colcon_defaults.argument_parser.defaults.DefaultArgumentsDecorator object at 0x7fe923b6d990>, verb_extension=<colcon_core.verb.build.BuildVerb object at 0x7fe923bb1ea0>, main=<bound method BuildVerb.main of <colcon_core.verb.build.BuildVerb object at 0x7fe923bb1ea0>>)
[3.682s] Level 1:colcon.colcon_core.package_discovery:discover_packages(colcon_meta) check parameters
[3.682s] Level 1:colcon.colcon_core.package_discovery:discover_packages(recursive) check parameters
[3.682s] Level 1:colcon.colcon_core.package_discovery:discover_packages(ignore) check parameters
[3.682s] Level 1:colcon.colcon_core.package_discovery:discover_packages(path) check parameters
[3.682s] Level 1:colcon.colcon_core.package_discovery:discover_packages(colcon_meta) discover
[3.682s] Level 1:colcon.colcon_core.package_discovery:discover_packages(recursive) discover
[3.683s] INFO:colcon.colcon_core.package_discovery:Crawling recursively for packages in '/home/hjokar/urdf_gazebo_ws'
[3.683s] Level 1:colcon.colcon_core.package_identification:_identify(.) by extensions ['ignore', 'ignore_ament_install']
[3.683s] Level 1:colcon.colcon_core.package_identification:_identify(.) by extension 'ignore'
[3.683s] Level 1:colcon.colcon_core.package_identification:_identify(.) by extension 'ignore_ament_install'
[3.683s] Level 1:colcon.colcon_core.package_identification:_identify(.) by extensions ['colcon_pkg']
[3.683s] Level 1:colcon.colcon_core.package_identification:_identify(.) by extension 'colcon_pkg'
[3.683s] Level 1:colcon.colcon_core.package_identification:_identify(.) by extensions ['colcon_meta']
[3.683s] Level 1:colcon.colcon_core.package_identification:_identify(.) by extension 'colcon_meta'
[3.683s] Level 1:colcon.colcon_core.package_identification:_identify(.) by extensions ['ros']
[3.683s] Level 1:colcon.colcon_core.package_identification:_identify(.) by extension 'ros'
[3.700s] Level 1:colcon.colcon_core.package_identification:_identify(.) by extensions ['cmake', 'python']
[3.701s] Level 1:colcon.colcon_core.package_identification:_identify(.) by extension 'cmake'
[3.701s] Level 1:colcon.colcon_core.package_identification:_identify(.) by extension 'python'
[3.701s] Level 1:colcon.colcon_core.package_identification:_identify(.) by extensions ['python_setup_py']
[3.701s] Level 1:colcon.colcon_core.package_identification:_identify(.) by extension 'python_setup_py'
[3.701s] Level 1:colcon.colcon_core.package_identification:_identify(build) by extensions ['ignore', 'ignore_ament_install']
[3.701s] Level 1:colcon.colcon_core.package_identification:_identify(build) by extension 'ignore'
[3.701s] Level 1:colcon.colcon_core.package_identification:_identify(build) ignored
[3.701s] Level 1:colcon.colcon_core.package_identification:_identify(install) by extensions ['ignore', 'ignore_ament_install']
[3.701s] Level 1:colcon.colcon_core.package_identification:_identify(install) by extension 'ignore'
[3.702s] Level 1:colcon.colcon_core.package_identification:_identify(install) ignored
[3.702s] Level 1:colcon.colcon_core.package_identification:_identify(log) by extensions ['ignore', 'ignore_ament_install']
[3.702s] Level 1:colcon.colcon_core.package_identification:_identify(log) by extension 'ignore'
[3.702s] Level 1:colcon.colcon_core.package_identification:_identify(log) ignored
[3.702s] Level 1:colcon.colcon_core.package_identification:_identify(src) by extensions ['ignore', 'ignore_ament_install']
[3.702s] Level 1:colcon.colcon_core.package_identification:_identify(src) by extension 'ignore'
[3.702s] Level 1:colcon.colcon_core.package_identification:_identify(src) by extension 'ignore_ament_install'
[3.702s] Level 1:colcon.colcon_core.package_identification:_identify(src) by extensions ['colcon_pkg']
[3.702s] Level 1:colcon.colcon_core.package_identification:_identify(src) by extension 'colcon_pkg'
[3.702s] Level 1:colcon.colcon_core.package_identification:_identify(src) by extensions ['colcon_meta']
[3.702s] Level 1:colcon.colcon_core.package_identification:_identify(src) by extension 'colcon_meta'
[3.703s] Level 1:colcon.colcon_core.package_identification:_identify(src) by extensions ['ros']
[3.703s] Level 1:colcon.colcon_core.package_identification:_identify(src) by extension 'ros'
[3.703s] Level 1:colcon.colcon_core.package_identification:_identify(src) by extensions ['cmake', 'python']
[3.703s] Level 1:colcon.colcon_core.package_identification:_identify(src) by extension 'cmake'
[3.703s] Level 1:colcon.colcon_core.package_identification:_identify(src) by extension 'python'
[3.703s] Level 1:colcon.colcon_core.package_identification:_identify(src) by extensions ['python_setup_py']
[3.703s] Level 1:colcon.colcon_core.package_identification:_identify(src) by extension 'python_setup_py'
[3.703s] Level 1:colcon.colcon_core.package_identification:_identify(src/urdf_example) by extensions ['ignore', 'ignore_ament_install']
[3.703s] Level 1:colcon.colcon_core.package_identification:_identify(src/urdf_example) by extension 'ignore'
[3.703s] Level 1:colcon.colcon_core.package_identification:_identify(src/urdf_example) by extension 'ignore_ament_install'
[3.703s] Level 1:colcon.colcon_core.package_identification:_identify(src/urdf_example) by extensions ['colcon_pkg']
[3.703s] Level 1:colcon.colcon_core.package_identification:_identify(src/urdf_example) by extension 'colcon_pkg'
[3.704s] Level 1:colcon.colcon_core.package_identification:_identify(src/urdf_example) by extensions ['colcon_meta']
[3.704s] Level 1:colcon.colcon_core.package_identification:_identify(src/urdf_example) by extension 'colcon_meta'
[3.704s] Level 1:colcon.colcon_core.package_identification:_identify(src/urdf_example) by extensions ['ros']
[3.704s] Level 1:colcon.colcon_core.package_identification:_identify(src/urdf_example) by extension 'ros'
[3.736s] DEBUG:colcon.colcon_core.package_identification:Package 'src/urdf_example' with type 'ros.ament_cmake' and name 'urdf_example'
[3.736s] Level 1:colcon.colcon_core.package_discovery:discover_packages(recursive) using defaults
[3.736s] Level 1:colcon.colcon_core.package_discovery:discover_packages(ignore) discover
[3.736s] Level 1:colcon.colcon_core.package_discovery:discover_packages(ignore) using defaults
[3.736s] Level 1:colcon.colcon_core.package_discovery:discover_packages(path) discover
[3.736s] Level 1:colcon.colcon_core.package_discovery:discover_packages(path) using defaults
[4.078s] Level 1:colcon.colcon_core.package_discovery:discover_packages(prefix_path) check parameters
[4.078s] Level 1:colcon.colcon_core.package_discovery:discover_packages(prefix_path) discover
[4.316s] DEBUG:colcon.colcon_installed_package_information.package_discovery:Found 1 installed packages in /home/hjokar/ros2_ws/install
[4.354s] DEBUG:colcon.colcon_installed_package_information.package_discovery:Found 2 installed packages in /home/hjokar/second_ros2_ws/install
[4.390s] DEBUG:colcon.colcon_installed_package_information.package_discovery:Found 1 installed packages in /home/hjokar/Desktop/dev_ws/install
[4.417s] DEBUG:colcon.colcon_installed_package_information.package_discovery:Found 3 installed packages in /home/hjokar/Desktop/ur5_ws/install
[4.442s] DEBUG:colcon.colcon_installed_package_information.package_discovery:Found 3 installed packages in /home/hjokar/Desktop/robot_ws/install
[4.469s] DEBUG:colcon.colcon_installed_package_information.package_discovery:Found 303 installed packages in /opt/ros/humble
[4.472s] Level 1:colcon.colcon_core.package_discovery:discover_packages(prefix_path) using defaults
[7.200s] Level 5:colcon.colcon_core.verb:set package 'urdf_example' build argument 'cmake_args' from command line to 'None'
[7.200s] Level 5:colcon.colcon_core.verb:set package 'urdf_example' build argument 'cmake_target' from command line to 'None'
[7.200s] Level 5:colcon.colcon_core.verb:set package 'urdf_example' build argument 'cmake_target_skip_unavailable' from command line to 'False'
[7.200s] Level 5:colcon.colcon_core.verb:set package 'urdf_example' build argument 'cmake_clean_cache' from command line to 'False'
[7.200s] Level 5:colcon.colcon_core.verb:set package 'urdf_example' build argument 'cmake_clean_first' from command line to 'False'
[7.200s] Level 5:colcon.colcon_core.verb:set package 'urdf_example' build argument 'cmake_force_configure' from command line to 'False'
[7.200s] Level 5:colcon.colcon_core.verb:set package 'urdf_example' build argument 'ament_cmake_args' from command line to 'None'
[7.200s] Level 5:colcon.colcon_core.verb:set package 'urdf_example' build argument 'catkin_cmake_args' from command line to 'None'
[7.200s] Level 5:colcon.colcon_core.verb:set package 'urdf_example' build argument 'catkin_skip_building_tests' from command line to 'False'
[7.200s] DEBUG:colcon.colcon_core.verb:Building package 'urdf_example' with the following arguments: {'ament_cmake_args': None, 'build_base': '/home/hjokar/urdf_gazebo_ws/build/urdf_example', 'catkin_cmake_args': None, 'catkin_skip_building_tests': False, 'cmake_args': None, 'cmake_clean_cache': False, 'cmake_clean_first': False, 'cmake_force_configure': False, 'cmake_target': None, 'cmake_target_skip_unavailable': False, 'install_base': '/home/hjokar/urdf_gazebo_ws/install/urdf_example', 'merge_install': False, 'path': '/home/hjokar/urdf_gazebo_ws/src/urdf_example', 'symlink_install': False, 'test_result_base': None}
[7.225s] INFO:colcon.colcon_core.executor:Executing jobs using 'parallel' executor
[7.251s] DEBUG:colcon.colcon_parallel_executor.executor.parallel:run_until_complete
[7.251s] INFO:colcon.colcon_ros.task.ament_cmake.build:Building ROS package in '/home/hjokar/urdf_gazebo_ws/src/urdf_example' with build type 'ament_cmake'
[7.251s] INFO:colcon.colcon_cmake.task.cmake.build:Building CMake package in '/home/hjokar/urdf_gazebo_ws/src/urdf_example'
[7.337s] INFO:colcon.colcon_core.plugin_system:Skipping extension 'colcon_core.shell.bat': Not used on non-Windows systems
[7.337s] INFO:colcon.colcon_core.shell:Skip shell extension 'powershell' for command environment: Not usable outside of PowerShell
[7.337s] DEBUG:colcon.colcon_core.shell:Skip shell extension 'dsv' for command environment
[7.584s] DEBUG:colcon.colcon_core.event_handler.log_command:Invoking command in '/home/hjokar/urdf_gazebo_ws/build/urdf_example': CMAKE_PREFIX_PATH=${CMAKE_PREFIX_PATH}:/home/hjokar/Desktop/robot_ws/install/main_package:/home/hjokar/Desktop/ur5_ws/install/ur5_package:/home/hjokar/second_ros2_ws/install/urdf_tutorial_r2d2:/opt/ros/humble DEBUGINFOD_URLS=https://debuginfod.ubuntu.com /usr/bin/cmake /home/hjokar/urdf_gazebo_ws/src/urdf_example -DCMAKE_INSTALL_PREFIX=/home/hjokar/urdf_gazebo_ws/install/urdf_example
[12.369s] DEBUG:colcon.colcon_core.event_handler.log_command:Invoked command in '/home/hjokar/urdf_gazebo_ws/build/urdf_example' returned '0': CMAKE_PREFIX_PATH=${CMAKE_PREFIX_PATH}:/home/hjokar/Desktop/robot_ws/install/main_package:/home/hjokar/Desktop/ur5_ws/install/ur5_package:/home/hjokar/second_ros2_ws/install/urdf_tutorial_r2d2:/opt/ros/humble DEBUGINFOD_URLS=https://debuginfod.ubuntu.com /usr/bin/cmake /home/hjokar/urdf_gazebo_ws/src/urdf_example -DCMAKE_INSTALL_PREFIX=/home/hjokar/urdf_gazebo_ws/install/urdf_example
[12.374s] DEBUG:colcon.colcon_core.event_handler.log_command:Invoking command in '/home/hjokar/urdf_gazebo_ws/build/urdf_example': CMAKE_PREFIX_PATH=${CMAKE_PREFIX_PATH}:/home/hjokar/Desktop/robot_ws/install/main_package:/home/hjokar/Desktop/ur5_ws/install/ur5_package:/home/hjokar/second_ros2_ws/install/urdf_tutorial_r2d2:/opt/ros/humble DEBUGINFOD_URLS=https://debuginfod.ubuntu.com /usr/bin/cmake --build /home/hjokar/urdf_gazebo_ws/build/urdf_example -- -j4 -l4
[12.428s] DEBUG:colcon.colcon_core.event_handler.log_command:Invoked command in '/home/hjokar/urdf_gazebo_ws/build/urdf_example' returned '0': CMAKE_PREFIX_PATH=${CMAKE_PREFIX_PATH}:/home/hjokar/Desktop/robot_ws/install/main_package:/home/hjokar/Desktop/ur5_ws/install/ur5_package:/home/hjokar/second_ros2_ws/install/urdf_tutorial_r2d2:/opt/ros/humble DEBUGINFOD_URLS=https://debuginfod.ubuntu.com /usr/bin/cmake --build /home/hjokar/urdf_gazebo_ws/build/urdf_example -- -j4 -l4
[12.468s] DEBUG:colcon.colcon_core.event_handler.log_command:Invoking command in '/home/hjokar/urdf_gazebo_ws/build/urdf_example': CMAKE_PREFIX_PATH=${CMAKE_PREFIX_PATH}:/home/hjokar/Desktop/robot_ws/install/main_package:/home/hjokar/Desktop/ur5_ws/install/ur5_package:/home/hjokar/second_ros2_ws/install/urdf_tutorial_r2d2:/opt/ros/humble DEBUGINFOD_URLS=https://debuginfod.ubuntu.com /usr/bin/cmake --install /home/hjokar/urdf_gazebo_ws/build/urdf_example
[12.486s] Level 1:colcon.colcon_core.environment:create_environment_scripts_only(urdf_example)
[12.486s] DEBUG:colcon.colcon_core.event_handler.log_command:Invoked command in '/home/hjokar/urdf_gazebo_ws/build/urdf_example' returned '0': CMAKE_PREFIX_PATH=${CMAKE_PREFIX_PATH}:/home/hjokar/Desktop/robot_ws/install/main_package:/home/hjokar/Desktop/ur5_ws/install/ur5_package:/home/hjokar/second_ros2_ws/install/urdf_tutorial_r2d2:/opt/ros/humble DEBUGINFOD_URLS=https://debuginfod.ubuntu.com /usr/bin/cmake --install /home/hjokar/urdf_gazebo_ws/build/urdf_example
[12.590s] Level 1:colcon.colcon_core.environment:checking '/home/hjokar/urdf_gazebo_ws/install/urdf_example' for CMake module files
[12.590s] Level 1:colcon.colcon_core.environment:checking '/home/hjokar/urdf_gazebo_ws/install/urdf_example' for CMake config files
[12.591s] Level 1:colcon.colcon_core.shell:create_environment_hook('urdf_example', 'cmake_prefix_path')
[12.635s] INFO:colcon.colcon_core.shell:Creating environment hook '/home/hjokar/urdf_gazebo_ws/install/urdf_example/share/urdf_example/hook/cmake_prefix_path.ps1'
[12.643s] INFO:colcon.colcon_core.shell:Creating environment descriptor '/home/hjokar/urdf_gazebo_ws/install/urdf_example/share/urdf_example/hook/cmake_prefix_path.dsv'
[12.659s] INFO:colcon.colcon_core.shell:Creating environment hook '/home/hjokar/urdf_gazebo_ws/install/urdf_example/share/urdf_example/hook/cmake_prefix_path.sh'
[12.660s] Level 1:colcon.colcon_core.environment:checking '/home/hjokar/urdf_gazebo_ws/install/urdf_example/bin'
[12.660s] Level 1:colcon.colcon_core.environment:checking '/home/hjokar/urdf_gazebo_ws/install/urdf_example/lib/pkgconfig/urdf_example.pc'
[12.660s] Level 1:colcon.colcon_core.environment:checking '/home/hjokar/urdf_gazebo_ws/install/urdf_example/lib/python3.10/site-packages'
[12.661s] Level 1:colcon.colcon_core.environment:checking '/home/hjokar/urdf_gazebo_ws/install/urdf_example/bin'
[12.687s] INFO:colcon.colcon_core.shell:Creating package script '/home/hjokar/urdf_gazebo_ws/install/urdf_example/share/urdf_example/package.ps1'
[12.689s] INFO:colcon.colcon_core.shell:Creating package descriptor '/home/hjokar/urdf_gazebo_ws/install/urdf_example/share/urdf_example/package.dsv'
[12.690s] INFO:colcon.colcon_core.shell:Creating package script '/home/hjokar/urdf_gazebo_ws/install/urdf_example/share/urdf_example/package.sh'
[12.691s] INFO:colcon.colcon_core.shell:Creating package script '/home/hjokar/urdf_gazebo_ws/install/urdf_example/share/urdf_example/package.bash'
[12.692s] INFO:colcon.colcon_core.shell:Creating package script '/home/hjokar/urdf_gazebo_ws/install/urdf_example/share/urdf_example/package.zsh'
[12.693s] Level 1:colcon.colcon_core.environment:create_file_with_runtime_dependencies(/home/hjokar/urdf_gazebo_ws/install/urdf_example/share/colcon-core/packages/urdf_example)
[12.747s] Level 1:colcon.colcon_core.environment:create_environment_scripts_only(urdf_example)
[12.773s] Level 1:colcon.colcon_core.environment:checking '/home/hjokar/urdf_gazebo_ws/install/urdf_example' for CMake module files
[12.773s] Level 1:colcon.colcon_core.environment:checking '/home/hjokar/urdf_gazebo_ws/install/urdf_example' for CMake config files
[12.774s] Level 1:colcon.colcon_core.shell:create_environment_hook('urdf_example', 'cmake_prefix_path')
[12.799s] INFO:colcon.colcon_core.shell:Creating environment hook '/home/hjokar/urdf_gazebo_ws/install/urdf_example/share/urdf_example/hook/cmake_prefix_path.ps1'
[12.800s] INFO:colcon.colcon_core.shell:Creating environment descriptor '/home/hjokar/urdf_gazebo_ws/install/urdf_example/share/urdf_example/hook/cmake_prefix_path.dsv'
[12.800s] INFO:colcon.colcon_core.shell:Creating environment hook '/home/hjokar/urdf_gazebo_ws/install/urdf_example/share/urdf_example/hook/cmake_prefix_path.sh'
[12.801s] Level 1:colcon.colcon_core.environment:checking '/home/hjokar/urdf_gazebo_ws/install/urdf_example/bin'
[12.801s] Level 1:colcon.colcon_core.environment:checking '/home/hjokar/urdf_gazebo_ws/install/urdf_example/lib/pkgconfig/urdf_example.pc'
[12.802s] Level 1:colcon.colcon_core.environment:checking '/home/hjokar/urdf_gazebo_ws/install/urdf_example/lib/python3.10/site-packages'
[12.802s] Level 1:colcon.colcon_core.environment:checking '/home/hjokar/urdf_gazebo_ws/install/urdf_example/bin'
[12.829s] INFO:colcon.colcon_core.shell:Creating package script '/home/hjokar/urdf_gazebo_ws/install/urdf_example/share/urdf_example/package.ps1'
[12.829s] INFO:colcon.colcon_core.shell:Creating package descriptor '/home/hjokar/urdf_gazebo_ws/install/urdf_example/share/urdf_example/package.dsv'
[12.830s] INFO:colcon.colcon_core.shell:Creating package script '/home/hjokar/urdf_gazebo_ws/install/urdf_example/share/urdf_example/package.sh'
[12.831s] INFO:colcon.colcon_core.shell:Creating package script '/home/hjokar/urdf_gazebo_ws/install/urdf_example/share/urdf_example/package.bash'
[12.831s] INFO:colcon.colcon_core.shell:Creating package script '/home/hjokar/urdf_gazebo_ws/install/urdf_example/share/urdf_example/package.zsh'
[12.832s] Level 1:colcon.colcon_core.environment:create_file_with_runtime_dependencies(/home/hjokar/urdf_gazebo_ws/install/urdf_example/share/colcon-core/packages/urdf_example)
[12.832s] DEBUG:colcon.colcon_parallel_executor.executor.parallel:closing loop
[12.833s] DEBUG:colcon.colcon_parallel_executor.executor.parallel:loop closed
[12.833s] DEBUG:colcon.colcon_parallel_executor.executor.parallel:run_until_complete finished with '0'
[12.833s] DEBUG:colcon.colcon_core.event_reactor:joining thread
[12.911s] INFO:colcon.colcon_core.plugin_system:Skipping extension 'colcon_notification.desktop_notification.terminal_notifier': Not used on non-Darwin systems
[12.911s] INFO:colcon.colcon_core.plugin_system:Skipping extension 'colcon_notification.desktop_notification.win32': Not used on non-Windows systems
[12.911s] INFO:colcon.colcon_notification.desktop_notification:Sending desktop notification using 'notify2'
[12.935s] DEBUG:colcon.colcon_core.event_reactor:joined thread
[12.965s] INFO:colcon.colcon_core.shell:Creating prefix script '/home/hjokar/urdf_gazebo_ws/install/local_setup.ps1'
[12.966s] INFO:colcon.colcon_core.shell:Creating prefix util module '/home/hjokar/urdf_gazebo_ws/install/_local_setup_util_ps1.py'
[12.969s] INFO:colcon.colcon_core.shell:Creating prefix chain script '/home/hjokar/urdf_gazebo_ws/install/setup.ps1'
[12.999s] INFO:colcon.colcon_core.shell:Creating prefix script '/home/hjokar/urdf_gazebo_ws/install/local_setup.sh'
[13.000s] INFO:colcon.colcon_core.shell:Creating prefix util module '/home/hjokar/urdf_gazebo_ws/install/_local_setup_util_sh.py'
[13.001s] INFO:colcon.colcon_core.shell:Creating prefix chain script '/home/hjokar/urdf_gazebo_ws/install/setup.sh'
[13.031s] INFO:colcon.colcon_core.shell:Creating prefix script '/home/hjokar/urdf_gazebo_ws/install/local_setup.bash'
[13.032s] INFO:colcon.colcon_core.shell:Creating prefix chain script '/home/hjokar/urdf_gazebo_ws/install/setup.bash'
[13.062s] INFO:colcon.colcon_core.shell:Creating prefix script '/home/hjokar/urdf_gazebo_ws/install/local_setup.zsh'
[13.067s] INFO:colcon.colcon_core.shell:Creating prefix chain script '/home/hjokar/urdf_gazebo_ws/install/setup.zsh'
